This is pdfTeX, Version 3.141592653-2.6-1.40.26 (MiKTeX 24.4) (preloaded format=pdflatex 2024.9.18)  18 SEP 2024 20:02
entering extended mode
 restricted \write18 enabled.
 %&-line parsing enabled.
**./Optica.tex
(Optica.tex
LaTeX2e <2024-06-01> patch level 2
L3 programming layer <2024-08-30>
(C:\Users\alber\AppData\Local\Programs\MiKTeX\tex/latex/base\article.cls
Document Class: article 2024/02/08 v1.4n Standard LaTeX document class
(C:\Users\alber\AppData\Local\Programs\MiKTeX\tex/latex/base\size10.clo
File: size10.clo 2024/02/08 v1.4n Standard LaTeX file (size option)
)
\c@part=\count194
\c@section=\count195
\c@subsection=\count196
\c@subsubsection=\count197
\c@paragraph=\count198
\c@subparagraph=\count199
\c@figure=\count266
\c@table=\count267
\abovecaptionskip=\skip49
\belowcaptionskip=\skip50
\bibindent=\dimen141
)
(C:\Users\alber\AppData\Local\Programs\MiKTeX\tex/generic/babel\babel.sty
Package: babel 2024/08/29 v24.9 The Babel package
\babel@savecnt=\count268
\U@D=\dimen142
\l@unhyphenated=\language79

(C:\Users\alber\AppData\Local\Programs\MiKTeX\tex/generic/babel\txtbabel.def)
\bbl@readstream=\read2
\bbl@dirlevel=\count269

*************************************
* Local config file bblopts.cfg used
*
(C:\Users\alber\AppData\Local\Programs\MiKTeX\tex/latex/arabi\bblopts.cfg
File: bblopts.cfg 2005/09/08 v0.1 add Arabic and Farsi to "declared" options of
 babel
)
(C:\Users\alber\AppData\Local\Programs\MiKTeX\tex/latex/babel-spanish\spanish.l
df
Language: spanish.ldf 2021/05/27 v5.0q Spanish support from the babel system
\es@quottoks=\toks17
\es@quotdepth=\count270
Package babel Info: Making " an active character on input line 570.
Package babel Info: Making . an active character on input line 675.
Package babel Info: Making < an active character on input line 722.
Package babel Info: Making > an active character on input line 722.
))
(C:\Users\alber\AppData\Local\Programs\MiKTeX\tex/generic/babel/locale/es\babel
-spanish.tex
Package babel Info: Importing font and identification data for spanish
(babel)             from babel-es.ini. Reported on input line 11.
)
(C:\Users\alber\AppData\Local\Programs\MiKTeX\tex/latex/amsmath\amsmath.sty
Package: amsmath 2024/05/23 v2.17q AMS math features
\@mathmargin=\skip51

For additional information on amsmath, use the `?' option.
(C:\Users\alber\AppData\Local\Programs\MiKTeX\tex/latex/amsmath\amstext.sty
Package: amstext 2021/08/26 v2.01 AMS text

(C:\Users\alber\AppData\Local\Programs\MiKTeX\tex/latex/amsmath\amsgen.sty
File: amsgen.sty 1999/11/30 v2.0 generic functions
\@emptytoks=\toks18
\ex@=\dimen143
))
(C:\Users\alber\AppData\Local\Programs\MiKTeX\tex/latex/amsmath\amsbsy.sty
Package: amsbsy 1999/11/29 v1.2d Bold Symbols
\pmbraise@=\dimen144
)
(C:\Users\alber\AppData\Local\Programs\MiKTeX\tex/latex/amsmath\amsopn.sty
Package: amsopn 2022/04/08 v2.04 operator names
)
\inf@bad=\count271
LaTeX Info: Redefining \frac on input line 233.
\uproot@=\count272
\leftroot@=\count273
LaTeX Info: Redefining \overline on input line 398.
LaTeX Info: Redefining \colon on input line 409.
\classnum@=\count274
\DOTSCASE@=\count275
LaTeX Info: Redefining \ldots on input line 495.
LaTeX Info: Redefining \dots on input line 498.
LaTeX Info: Redefining \cdots on input line 619.
\Mathstrutbox@=\box52
\strutbox@=\box53
LaTeX Info: Redefining \big on input line 721.
LaTeX Info: Redefining \Big on input line 722.
LaTeX Info: Redefining \bigg on input line 723.
LaTeX Info: Redefining \Bigg on input line 724.
\big@size=\dimen145
LaTeX Font Info:    Redeclaring font encoding OML on input line 742.
LaTeX Font Info:    Redeclaring font encoding OMS on input line 743.
\macc@depth=\count276
LaTeX Info: Redefining \bmod on input line 904.
LaTeX Info: Redefining \pmod on input line 909.
LaTeX Info: Redefining \smash on input line 939.
LaTeX Info: Redefining \relbar on input line 969.
LaTeX Info: Redefining \Relbar on input line 970.
\c@MaxMatrixCols=\count277
\dotsspace@=\muskip17
\c@parentequation=\count278
\dspbrk@lvl=\count279
\tag@help=\toks19
\row@=\count280
\column@=\count281
\maxfields@=\count282
\andhelp@=\toks20
\eqnshift@=\dimen146
\alignsep@=\dimen147
\tagshift@=\dimen148
\tagwidth@=\dimen149
\totwidth@=\dimen150
\lineht@=\dimen151
\@envbody=\toks21
\multlinegap=\skip52
\multlinetaggap=\skip53
\mathdisplay@stack=\toks22
LaTeX Info: Redefining \[ on input line 2953.
LaTeX Info: Redefining \] on input line 2954.
)
(C:\Users\alber\AppData\Local\Programs\MiKTeX\tex/latex/graphics\graphicx.sty
Package: graphicx 2021/09/16 v1.2d Enhanced LaTeX Graphics (DPC,SPQR)

(C:\Users\alber\AppData\Local\Programs\MiKTeX\tex/latex/graphics\keyval.sty
Package: keyval 2022/05/29 v1.15 key=value parser (DPC)
\KV@toks@=\toks23
)
(C:\Users\alber\AppData\Local\Programs\MiKTeX\tex/latex/graphics\graphics.sty
Package: graphics 2024/05/23 v1.4g Standard LaTeX Graphics (DPC,SPQR)

(C:\Users\alber\AppData\Local\Programs\MiKTeX\tex/latex/graphics\trig.sty
Package: trig 2023/12/02 v1.11 sin cos tan (DPC)
)
(C:\Users\alber\AppData\Local\Programs\MiKTeX\tex/latex/graphics-cfg\graphics.c
fg
File: graphics.cfg 2016/06/04 v1.11 sample graphics configuration
)
Package graphics Info: Driver file: pdftex.def on input line 106.

(C:\Users\alber\AppData\Local\Programs\MiKTeX\tex/latex/graphics-def\pdftex.def
File: pdftex.def 2024/04/13 v1.2c Graphics/color driver for pdftex
))
\Gin@req@height=\dimen152
\Gin@req@width=\dimen153
) (C:\Users\alber\AppData\Local\Programs\MiKTeX\tex/latex/float\float.sty
Package: float 2001/11/08 v1.3d Float enhancements (AL)
\c@float@type=\count283
\float@exts=\toks24
\float@box=\box54
\@float@everytoks=\toks25
\@floatcapt=\box55
)
(C:\Users\alber\AppData\Local\Programs\MiKTeX\tex/latex/hyperref\hyperref.sty
Package: hyperref 2024-07-10 v7.01j Hypertext links for LaTeX

(C:\Users\alber\AppData\Local\Programs\MiKTeX\tex/generic/iftex\iftex.sty
Package: iftex 2022/02/03 v1.0f TeX engine tests
)
(C:\Users\alber\AppData\Local\Programs\MiKTeX\tex/latex/kvsetkeys\kvsetkeys.sty
Package: kvsetkeys 2022-10-05 v1.19 Key value parser (HO)
)
(C:\Users\alber\AppData\Local\Programs\MiKTeX\tex/generic/kvdefinekeys\kvdefine
keys.sty
Package: kvdefinekeys 2019-12-19 v1.6 Define keys (HO)
)
(C:\Users\alber\AppData\Local\Programs\MiKTeX\tex/generic/pdfescape\pdfescape.s
ty
Package: pdfescape 2019/12/09 v1.15 Implements pdfTeX's escape features (HO)

(C:\Users\alber\AppData\Local\Programs\MiKTeX\tex/generic/ltxcmds\ltxcmds.sty
Package: ltxcmds 2023-12-04 v1.26 LaTeX kernel commands for general use (HO)
)
(C:\Users\alber\AppData\Local\Programs\MiKTeX\tex/generic/pdftexcmds\pdftexcmds
.sty
Package: pdftexcmds 2020-06-27 v0.33 Utility functions of pdfTeX for LuaTeX (HO
)

(C:\Users\alber\AppData\Local\Programs\MiKTeX\tex/generic/infwarerr\infwarerr.s
ty
Package: infwarerr 2019/12/03 v1.5 Providing info/warning/error messages (HO)
)
Package pdftexcmds Info: \pdf@primitive is available.
Package pdftexcmds Info: \pdf@ifprimitive is available.
Package pdftexcmds Info: \pdfdraftmode found.
))
(C:\Users\alber\AppData\Local\Programs\MiKTeX\tex/latex/hycolor\hycolor.sty
Package: hycolor 2020-01-27 v1.10 Color options for hyperref/bookmark (HO)
)
(C:\Users\alber\AppData\Local\Programs\MiKTeX\tex/latex/hyperref\nameref.sty
Package: nameref 2023-11-26 v2.56 Cross-referencing by name of section

(C:\Users\alber\AppData\Local\Programs\MiKTeX\tex/latex/refcount\refcount.sty
Package: refcount 2019/12/15 v3.6 Data extraction from label references (HO)
)
(C:\Users\alber\AppData\Local\Programs\MiKTeX\tex/generic/gettitlestring\gettit
lestring.sty
Package: gettitlestring 2019/12/15 v1.6 Cleanup title references (HO)

(C:\Users\alber\AppData\Local\Programs\MiKTeX\tex/latex/kvoptions\kvoptions.sty
Package: kvoptions 2022-06-15 v3.15 Key value format for package options (HO)
))
\c@section@level=\count284
)
(C:\Users\alber\AppData\Local\Programs\MiKTeX\tex/latex/etoolbox\etoolbox.sty
Package: etoolbox 2020/10/05 v2.5k e-TeX tools for LaTeX (JAW)
\etb@tempcnta=\count285
)
(C:\Users\alber\AppData\Local\Programs\MiKTeX\tex/generic/stringenc\stringenc.s
ty
Package: stringenc 2019/11/29 v1.12 Convert strings between diff. encodings (HO
)
)
\@linkdim=\dimen154
\Hy@linkcounter=\count286
\Hy@pagecounter=\count287
 (C:\Users\alber\AppData\Local\Programs\MiKTeX\tex/latex/hyperref\pd1enc.def
File: pd1enc.def 2024-07-10 v7.01j Hyperref: PDFDocEncoding definition (HO)
Now handling font encoding PD1 ...
... no UTF-8 mapping file for font encoding PD1
) (C:\Users\alber\AppData\Local\Programs\MiKTeX\tex/generic/intcalc\intcalc.sty
Package: intcalc 2019/12/15 v1.3 Expandable calculations with integers (HO)
)
\Hy@SavedSpaceFactor=\count288
 (C:\Users\alber\AppData\Local\Programs\MiKTeX\tex/latex/hyperref\puenc.def
File: puenc.def 2024-07-10 v7.01j Hyperref: PDF Unicode definition (HO)
Now handling font encoding PU ...
... no UTF-8 mapping file for font encoding PU
)
Package hyperref Info: Hyper figures OFF on input line 4157.
Package hyperref Info: Link nesting OFF on input line 4162.
Package hyperref Info: Hyper index ON on input line 4165.
Package hyperref Info: Plain pages OFF on input line 4172.
Package hyperref Info: Backreferencing OFF on input line 4177.
Package hyperref Info: Implicit mode ON; LaTeX internals redefined.
Package hyperref Info: Bookmarks ON on input line 4424.
\c@Hy@tempcnt=\count289

(C:\Users\alber\AppData\Local\Programs\MiKTeX\tex/latex/url\url.sty
\Urlmuskip=\muskip18
Package: url 2013/09/16  ver 3.4  Verb mode for urls, etc.
)
LaTeX Info: Redefining \url on input line 4763.
\XeTeXLinkMargin=\dimen155

(C:\Users\alber\AppData\Local\Programs\MiKTeX\tex/generic/bitset\bitset.sty
Package: bitset 2019/12/09 v1.3 Handle bit-vector datatype (HO)

(C:\Users\alber\AppData\Local\Programs\MiKTeX\tex/generic/bigintcalc\bigintcalc
.sty
Package: bigintcalc 2019/12/15 v1.5 Expandable calculations on big integers (HO
)
))
\Fld@menulength=\count290
\Field@Width=\dimen156
\Fld@charsize=\dimen157
Package hyperref Info: Hyper figures OFF on input line 6042.
Package hyperref Info: Link nesting OFF on input line 6047.
Package hyperref Info: Hyper index ON on input line 6050.
Package hyperref Info: backreferencing OFF on input line 6057.
Package hyperref Info: Link coloring OFF on input line 6062.
Package hyperref Info: Link coloring with OCG OFF on input line 6067.
Package hyperref Info: PDF/A mode OFF on input line 6072.

(C:\Users\alber\AppData\Local\Programs\MiKTeX\tex/latex/base\atbegshi-ltx.sty
Package: atbegshi-ltx 2021/01/10 v1.0c Emulation of the original atbegshi
package with kernel methods
)
\Hy@abspage=\count291
\c@Item=\count292
\c@Hfootnote=\count293
)
Package hyperref Info: Driver (autodetected): hpdftex.
(C:\Users\alber\AppData\Local\Programs\MiKTeX\tex/latex/hyperref\hpdftex.def
File: hpdftex.def 2024-07-10 v7.01j Hyperref driver for pdfTeX

(C:\Users\alber\AppData\Local\Programs\MiKTeX\tex/latex/base\atveryend-ltx.sty
Package: atveryend-ltx 2020/08/19 v1.0a Emulation of the original atveryend pac
kage
with kernel methods
)
\Fld@listcount=\count294
\c@bookmark@seq@number=\count295

(C:\Users\alber\AppData\Local\Programs\MiKTeX\tex/latex/rerunfilecheck\rerunfil
echeck.sty
Package: rerunfilecheck 2022-07-10 v1.10 Rerun checks for auxiliary files (HO)

(C:\Users\alber\AppData\Local\Programs\MiKTeX\tex/generic/uniquecounter\uniquec
ounter.sty
Package: uniquecounter 2019/12/15 v1.4 Provide unlimited unique counter (HO)
)
Package uniquecounter Info: New unique counter `rerunfilecheck' on input line 2
85.
)
\Hy@SectionHShift=\skip54
)
(C:\Users\alber\AppData\Local\Programs\MiKTeX\tex/latex/pdfpages\pdfpages.sty
Package: pdfpages 2024/08/20 v0.6b Insert pages of external PDF documents (AM)

(C:\Users\alber\AppData\Local\Programs\MiKTeX\tex/latex/base\ifthen.sty
Package: ifthen 2024/03/16 v1.1e Standard LaTeX ifthen package (DPC)
)
(C:\Users\alber\AppData\Local\Programs\MiKTeX\tex/latex/tools\calc.sty
Package: calc 2023/07/08 v4.3 Infix arithmetic (KKT,FJ)
\calc@Acount=\count296
\calc@Bcount=\count297
\calc@Adimen=\dimen158
\calc@Bdimen=\dimen159
\calc@Askip=\skip55
\calc@Bskip=\skip56
LaTeX Info: Redefining \setlength on input line 80.
LaTeX Info: Redefining \addtolength on input line 81.
\calc@Ccount=\count298
\calc@Cskip=\skip57
)
(C:\Users\alber\AppData\Local\Programs\MiKTeX\tex/latex/eso-pic\eso-pic.sty
Package: eso-pic 2023/05/03 v3.0c eso-pic (RN)
\ESO@tempdima=\dimen160
\ESO@tempdimb=\dimen161

(C:\Users\alber\AppData\Local\Programs\MiKTeX\tex/latex/xcolor\xcolor.sty
Package: xcolor 2023/11/15 v3.01 LaTeX color extensions (UK)

(C:\Users\alber\AppData\Local\Programs\MiKTeX\tex/latex/graphics-cfg\color.cfg
File: color.cfg 2016/01/02 v1.6 sample color configuration
)
Package xcolor Info: Driver file: pdftex.def on input line 274.
(C:\Users\alber\AppData\Local\Programs\MiKTeX\tex/latex/graphics\mathcolor.ltx)
Package xcolor Info: Model `cmy' substituted by `cmy0' on input line 1350.
Package xcolor Info: Model `hsb' substituted by `rgb' on input line 1354.
Package xcolor Info: Model `RGB' extended on input line 1366.
Package xcolor Info: Model `HTML' substituted by `rgb' on input line 1368.
Package xcolor Info: Model `Hsb' substituted by `hsb' on input line 1369.
Package xcolor Info: Model `tHsb' substituted by `hsb' on input line 1370.
Package xcolor Info: Model `HSB' substituted by `hsb' on input line 1371.
Package xcolor Info: Model `Gray' substituted by `gray' on input line 1372.
Package xcolor Info: Model `wave' substituted by `hsb' on input line 1373.
))
\AM@pagewidth=\dimen162
\AM@pageheight=\dimen163
\AM@fboxrule=\dimen164

(C:\Users\alber\AppData\Local\Programs\MiKTeX\tex/latex/pdfpages\pppdftex.def
File: pppdftex.def 2024/08/20 v0.6b Pdfpages driver for pdfTeX (AM)
)
\pdfpages@includegraphics@status=\count299
\AM@pagebox=\box56
\AM@global@opts=\toks26
\AM@pagecnt=\count300
\AM@toc@title=\toks27
\AM@lof@heading=\toks28
\c@AM@survey=\count301
\AM@templatesizebox=\box57
)
(C:\Users\alber\AppData\Local\Programs\MiKTeX\tex/latex/l3backend\l3backend-pdf
tex.def
File: l3backend-pdftex.def 2024-05-08 L3 backend support: PDF output (pdfTeX)
\l__color_backend_stack_int=\count302
\l__pdf_internal_box=\box58
) (Optica.aux
LaTeX Info: Redefining \. on input line 11.
LaTeX Info: Redefining \% on input line 11.
)
\openout1 = `Optica.aux'.

LaTeX Font Info:    Checking defaults for OML/cmm/m/it on input line 9.
LaTeX Font Info:    ... okay on input line 9.
LaTeX Font Info:    Checking defaults for OMS/cmsy/m/n on input line 9.
LaTeX Font Info:    ... okay on input line 9.
LaTeX Font Info:    Checking defaults for OT1/cmr/m/n on input line 9.
LaTeX Font Info:    ... okay on input line 9.
LaTeX Font Info:    Checking defaults for T1/cmr/m/n on input line 9.
LaTeX Font Info:    ... okay on input line 9.
LaTeX Font Info:    Checking defaults for TS1/cmr/m/n on input line 9.
LaTeX Font Info:    ... okay on input line 9.
LaTeX Font Info:    Checking defaults for OMX/cmex/m/n on input line 9.
LaTeX Font Info:    ... okay on input line 9.
LaTeX Font Info:    Checking defaults for U/cmr/m/n on input line 9.
LaTeX Font Info:    ... okay on input line 9.
LaTeX Font Info:    Checking defaults for PD1/pdf/m/n on input line 9.
LaTeX Font Info:    ... okay on input line 9.
LaTeX Font Info:    Checking defaults for PU/pdf/m/n on input line 9.
LaTeX Font Info:    ... okay on input line 9.
LaTeX Info: Redefining \. on input line 9.
LaTeX Info: Redefining \% on input line 9.

(C:\Users\alber\AppData\Local\Programs\MiKTeX\tex/context/base/mkii\supp-pdf.mk
ii
[Loading MPS to PDF converter (version 2006.09.02).]
\scratchcounter=\count303
\scratchdimen=\dimen165
\scratchbox=\box59
\nofMPsegments=\count304
\nofMParguments=\count305
\everyMPshowfont=\toks29
\MPscratchCnt=\count306
\MPscratchDim=\dimen166
\MPnumerator=\count307
\makeMPintoPDFobject=\count308
\everyMPtoPDFconversion=\toks30
)
(C:\Users\alber\AppData\Local\Programs\MiKTeX\tex/latex/epstopdf-pkg\epstopdf-b
ase.sty
Package: epstopdf-base 2020-01-24 v2.11 Base part for package epstopdf
Package epstopdf-base Info: Redefining graphics rule for `.eps' on input line 4
85.

(C:\Users\alber\AppData\Local\Programs\MiKTeX\tex/latex/00miktex\epstopdf-sys.c
fg
File: epstopdf-sys.cfg 2021/03/18 v2.0 Configuration of epstopdf for MiKTeX
))
Package hyperref Info: Link coloring OFF on input line 9.
 (Optica.out) (Optica.out)
\@outlinefile=\write3
\openout3 = `Optica.out'.


(C:\Users\alber\AppData\Local\Programs\MiKTeX\tex/latex/pdflscape\pdflscape.sty
Package: pdflscape 2022-10-27 v0.13 Display of landscape pages in PDF

(C:\Users\alber\AppData\Local\Programs\MiKTeX\tex/latex/pdflscape\pdflscape-nom
etadata.sty
Package: pdflscape-nometadata 2022-10-28 v0.13 Display of landscape pages in PD
F (HO)

(C:\Users\alber\AppData\Local\Programs\MiKTeX\tex/latex/graphics\lscape.sty
Package: lscape 2020/05/28 v3.02 Landscape Pages (DPC)
)
Package pdflscape Info: Auto-detected driver: pdftex on input line 81.
))
<Fundamentos_de_Fotografía.pdf, id=155, 614.295pt x 794.97pt>
File: Fundamentos_de_Fotografía.pdf Graphic file (type pdf)
<use Fundamentos_de_Fotografía.pdf>
Package pdftex.def Info: Fundamentos_de_Fotografía.pdf  used on input line 11.

(pdftex.def)             Requested size: 614.29349pt x 794.96806pt.
File: Fundamentos_de_Fotografía.pdf Graphic file (type pdf)
<use Fundamentos_de_Fotografía.pdf>
Package pdftex.def Info: Fundamentos_de_Fotografía.pdf  used on input line 11.

(pdftex.def)             Requested size: 614.29349pt x 794.96806pt.
<Fundamentos_de_Fotografía.pdf, id=158, page=1, 614.295pt x 794.97pt>
File: Fundamentos_de_Fotografía.pdf Graphic file (type pdf)
<use Fundamentos_de_Fotografía.pdf, page 1>
Package pdftex.def Info: Fundamentos_de_Fotografía.pdf , page1 used on input l
ine 11.
(pdftex.def)             Requested size: 614.29349pt x 794.96806pt.
File: Fundamentos_de_Fotografía.pdf Graphic file (type pdf)
<use Fundamentos_de_Fotografía.pdf, page 1>
Package pdftex.def Info: Fundamentos_de_Fotografía.pdf , page1 used on input l
ine 11.
(pdftex.def)             Requested size: 614.58406pt x 795.3441pt.
File: Fundamentos_de_Fotografía.pdf Graphic file (type pdf)
<use Fundamentos_de_Fotografía.pdf, page 1>
Package pdftex.def Info: Fundamentos_de_Fotografía.pdf , page1 used on input l
ine 11.
(pdftex.def)             Requested size: 614.58406pt x 795.3441pt.
File: Fundamentos_de_Fotografía.pdf Graphic file (type pdf)
<use Fundamentos_de_Fotografía.pdf, page 1>
Package pdftex.def Info: Fundamentos_de_Fotografía.pdf , page1 used on input l
ine 11.
(pdftex.def)             Requested size: 614.58406pt x 795.3441pt.


File: Fundamentos_de_Fotografía.pdf Graphic file (type pdf)
<use Fundamentos_de_Fotografía.pdf, page 1>
Package pdftex.def Info: Fundamentos_de_Fotografía.pdf , page1 used on input l
ine 11.
(pdftex.def)             Requested size: 614.58406pt x 795.3441pt.
[1


 <./Fundamentos_de_Fotografía.pdf{C:/Users/alber/AppData/Local/MiKTeX/fonts/ma
p/pdftex/pdftex.map}>] (Optica.toc
LaTeX Info: Redefining \. on input line 1.
LaTeX Info: Redefining \% on input line 1.
)
\tf@toc=\write4
\openout4 = `Optica.toc'.



[2]
<Figuras/Image_Blanco.png, id=239, 534.49687pt x 269.50688pt>
File: Figuras/Image_Blanco.png Graphic file (type png)
<use Figuras/Image_Blanco.png>
Package pdftex.def Info: Figuras/Image_Blanco.png  used on input line 23.
(pdftex.def)             Requested size: 224.2479pt x 113.07285pt.
<Figuras/Sensor_Blanco.png, id=241, 317.68687pt x 302.63063pt>
File: Figuras/Sensor_Blanco.png Graphic file (type png)
<use Figuras/Sensor_Blanco.png>
Package pdftex.def Info: Figuras/Sensor_Blanco.png  used on input line 32.
(pdftex.def)             Requested size: 172.5pt x 164.3278pt.
<Figuras/Pinhole.png, id=242, 509.65407pt x 278.54062pt>
File: Figuras/Pinhole.png Graphic file (type png)
<use Figuras/Pinhole.png>
Package pdftex.def Info: Figuras/Pinhole.png  used on input line 41.
(pdftex.def)             Requested size: 224.2479pt x 122.55824pt.


[3 <./Figuras/Image_Blanco.png> <./Figuras/Sensor_Blanco.png>]
<Figuras/Pinhole_Pequeño.png, id=251, 487.06969pt x 182.18062pt>
File: Figuras/Pinhole_Pequeño.png Graphic file (type png)
<use Figuras/Pinhole_Pequeño.png>
Package pdftex.def Info: Figuras/Pinhole_Pequeño.png  used on input line 48.
(pdftex.def)             Requested size: 224.2479pt x 83.87636pt.
<Figuras/Pinhole_Grande.png, id=252, 496.85625pt x 180.675pt>
File: Figuras/Pinhole_Grande.png Graphic file (type png)
<use Figuras/Pinhole_Grande.png>
Package pdftex.def Info: Figuras/Pinhole_Grande.png  used on input line 55.
(pdftex.def)             Requested size: 224.2479pt x 81.5456pt.


[4 <./Figuras/Pinhole.png> <./Figuras/Pinhole_Pequeño.png> <./Figuras/Pinhole_
Grande.png>]
<Figuras/Espectro_Electromagnético.png, id=263, 1927.2pt x 1030.85126pt>
File: Figuras/Espectro_Electromagnético.png Graphic file (type png)
<use Figuras/Espectro_Electromagnético.png>
Package pdftex.def Info: Figuras/Espectro_Electromagnético.png  used on input 
line 70.
(pdftex.def)             Requested size: 293.2521pt x 156.8546pt.
<Figuras/Longitud_de_onda_colores.png, id=264, 1027.84pt x 942.52126pt>
File: Figuras/Longitud_de_onda_colores.png Graphic file (type png)
<use Figuras/Longitud_de_onda_colores.png>
Package pdftex.def Info: Figuras/Longitud_de_onda_colores.png  used on input li
ne 77.
(pdftex.def)             Requested size: 155.24895pt x 142.35004pt.
<Figuras/EM_Wave.png, id=265, 409.53pt x 233.37187pt>
File: Figuras/EM_Wave.png Graphic file (type png)
<use Figuras/EM_Wave.png>
Package pdftex.def Info: Figuras/EM_Wave.png  used on input line 87.
(pdftex.def)             Requested size: 189.75105pt x 108.1322pt.


[5 <./Figuras/Espectro_Electromagnético.png> <./Figuras/Longitud_de_onda_color
es.png>]
<Figuras/EM_Wave_Vp.png, id=274, 291.33844pt x 224.33812pt>
File: Figuras/EM_Wave_Vp.png Graphic file (type png)
<use Figuras/EM_Wave_Vp.png>
Package pdftex.def Info: Figuras/EM_Wave_Vp.png  used on input line 96.
(pdftex.def)             Requested size: 189.75105pt x 146.11586pt.
<Figuras/Index_of_refraction.png, id=275, 438.13687pt x 263.48438pt>
File: Figuras/Index_of_refraction.png Graphic file (type png)
<use Figuras/Index_of_refraction.png>
Package pdftex.def Info: Figuras/Index_of_refraction.png  used on input line 12
7.
(pdftex.def)             Requested size: 207.0021pt x 124.48495pt.


[6 <./Figuras/EM_Wave.png> <./Figuras/EM_Wave_Vp.png>]
<Figuras/Reflection.png, id=287, 364.36125pt x 238.64156pt>
File: Figuras/Reflection.png Graphic file (type png)
<use Figuras/Reflection.png>
Package pdftex.def Info: Figuras/Reflection.png  used on input line 142.
(pdftex.def)             Requested size: 224.2479pt x 146.8711pt.


[7 <./Figuras/Index_of_refraction.png> <./Figuras/Reflection.png>]
<Figuras/Total_Internal_Reflection.png, id=297, 295.85532pt x 295.85532pt>
File: Figuras/Total_Internal_Reflection.png Graphic file (type png)
<use Figuras/Total_Internal_Reflection.png>
Package pdftex.def Info: Figuras/Total_Internal_Reflection.png  used on input l
ine 155.
(pdftex.def)             Requested size: 172.5pt x 172.50359pt.
<Figuras/Diamond.jpg, id=298, 547.2947pt x 403.5075pt>
File: Figuras/Diamond.jpg Graphic file (type jpg)
<use Figuras/Diamond.jpg>
Package pdftex.def Info: Figuras/Diamond.jpg  used on input line 164.
(pdftex.def)             Requested size: 155.24895pt x 114.45901pt.


[8 <./Figuras/Total_Internal_Reflection.png> <./Figuras/Diamond.jpg>]
<Figuras/Snell's_Window_2.jpg, id=306, 727.71875pt x 546.04pt>
File: Figuras/Snell's_Window_2.jpg Graphic file (type jpg)
<use Figuras/Snell's_Window_2.jpg>
Package pdftex.def Info: Figuras/Snell's_Window_2.jpg  used on input line 175.
(pdftex.def)             Requested size: 207.0021pt x 155.32306pt.
<Figuras/Snell's Window.jpg, id=307, 727.71875pt x 503.8825pt>
File: Figuras/Snell's Window.jpg Graphic file (type jpg)
<use Figuras/Snell's Window.jpg>
Package pdftex.def Info: Figuras/Snell's Window.jpg  used on input line 182.
(pdftex.def)             Requested size: 207.0021pt x 143.3312pt.
<Figuras/Mirror.png, id=308, 491.58656pt x 347.79938pt>
File: Figuras/Mirror.png Graphic file (type png)
<use Figuras/Mirror.png>
Package pdftex.def Info: Figuras/Mirror.png  used on input line 195.
(pdftex.def)             Requested size: 224.2479pt x 158.6576pt.


[9 <./Figuras/Snell's_Window_2.jpg> <./Figuras/Snell's Window.jpg>]
<Figuras/Mirage.jpg, id=315, 112.9821pt x 59.86365pt>
File: Figuras/Mirage.jpg Graphic file (type jpg)
<use Figuras/Mirage.jpg>
Package pdftex.def Info: Figuras/Mirage.jpg  used on input line 204.
(pdftex.def)             Requested size: 258.75pt x 137.1144pt.
<Figuras/Less_More_Refraction.png, id=316, 296.60812pt x 309.40594pt>
File: Figuras/Less_More_Refraction.png Graphic file (type png)
<use Figuras/Less_More_Refraction.png>
Package pdftex.def Info: Figuras/Less_More_Refraction.png  used on input line 2
23.
(pdftex.def)             Requested size: 172.5pt x 179.94656pt.


[10 <./Figuras/Mirror.png> <./Figuras/Mirage.jpg>]
<Figuras/More_Less_Refraction.png, id=325, 295.1025pt x 298.11375pt>
File: Figuras/More_Less_Refraction.png Graphic file (type png)
<use Figuras/More_Less_Refraction.png>
Package pdftex.def Info: Figuras/More_Less_Refraction.png  used on input line 2
32.
(pdftex.def)             Requested size: 172.5pt x 174.26164pt.


[11 <./Figuras/Less_More_Refraction.png> <./Figuras/More_Less_Refraction.png>]
<Figuras/Polarizador.png, id=334, 843.15pt x 472.76625pt>
File: Figuras/Polarizador.png Graphic file (type png)
<use Figuras/Polarizador.png>
Package pdftex.def Info: Figuras/Polarizador.png  used on input line 246.
(pdftex.def)             Requested size: 224.2479pt x 125.73692pt.
<Figuras/Brewsters_Angle.png, id=335, 1027.84pt x 895.345pt>
File: Figuras/Brewsters_Angle.png Graphic file (type png)
<use Figuras/Brewsters_Angle.png>
Package pdftex.def Info: Figuras/Brewsters_Angle.png  used on input line 256.
(pdftex.def)             Requested size: 207.0021pt x 180.30905pt.
<Figuras/Polarizador_2.png, id=336, 148.1535pt x 131.2905pt>
File: Figuras/Polarizador_2.png Graphic file (type png)
<use Figuras/Polarizador_2.png>
Package pdftex.def Info: Figuras/Polarizador_2.png  used on input line 266.
(pdftex.def)             Requested size: 258.75pt x 229.34108pt.


[12 <./Figuras/Polarizador.png (PNG copy)> <./Figuras/Brewsters_Angle.png>]
<Figuras/Brewsters_Window.jpg, id=344, 132.21747pt x 42.96236pt>
File: Figuras/Brewsters_Window.jpg Graphic file (type jpg)
<use Figuras/Brewsters_Window.jpg>
Package pdftex.def Info: Figuras/Brewsters_Window.jpg  used on input line 273.
(pdftex.def)             Requested size: 293.2521pt x 95.30934pt.
<Figuras/Lens_1.png, id=345, 318.43968pt x 204.01219pt>
File: Figuras/Lens_1.png Graphic file (type png)
<use Figuras/Lens_1.png>
Package pdftex.def Info: Figuras/Lens_1.png  used on input line 285.
(pdftex.def)             Requested size: 224.2479pt x 143.66673pt.


[13 <./Figuras/Polarizador_2.png (PNG copy)> <./Figuras/Brewsters_Window.jpg>]
<Figuras/Lens_2.png, id=353, 325.215pt x 194.22563pt>
File: Figuras/Lens_2.png Graphic file (type png)
<use Figuras/Lens_2.png>
Package pdftex.def Info: Figuras/Lens_2.png  used on input line 292.
(pdftex.def)             Requested size: 224.2479pt x 133.92987pt.
<Figuras/Lens_3.png, id=354, 325.96782pt x 179.16937pt>
File: Figuras/Lens_3.png Graphic file (type png)
<use Figuras/Lens_3.png>
Package pdftex.def Info: Figuras/Lens_3.png  used on input line 299.
(pdftex.def)             Requested size: 224.2479pt x 123.26338pt.
<Figuras/Lens_3_Segments.png, id=355, 368.1253pt x 169.38281pt>
File: Figuras/Lens_3_Segments.png Graphic file (type png)
<use Figuras/Lens_3_Segments.png>
Package pdftex.def Info: Figuras/Lens_3_Segments.png  used on input line 308.
(pdftex.def)             Requested size: 224.2479pt x 103.18378pt.


[14 <./Figuras/Lens_1.png> <./Figuras/Lens_2.png> <./Figuras/Lens_3.png>]
<Figuras/Lens_Infinity_Segments.png, id=366, 348.55219pt x 143.78719pt>
File: Figuras/Lens_Infinity_Segments.png Graphic file (type png)
<use Figuras/Lens_Infinity_Segments.png>
Package pdftex.def Info: Figuras/Lens_Infinity_Segments.png  used on input line
 315.
(pdftex.def)             Requested size: 224.2479pt x 92.50836pt.
<Figuras/Thin_Lens.png, id=367, 1927.2pt x 1273.75874pt>
File: Figuras/Thin_Lens.png Graphic file (type png)
<use Figuras/Thin_Lens.png>
Package pdftex.def Info: Figuras/Thin_Lens.png  used on input line 324.
(pdftex.def)             Requested size: 258.75pt x 171.01707pt.
<Figuras/So_Si_Equal.png, id=368, 322.95656pt x 171.64125pt>
File: Figuras/So_Si_Equal.png Graphic file (type png)
<use Figuras/So_Si_Equal.png>
Package pdftex.def Info: Figuras/So_Si_Equal.png  used on input line 336.
(pdftex.def)             Requested size: 224.2479pt x 119.18161pt.


[15 <./Figuras/Lens_3_Segments.png> <./Figuras/Lens_Infinity_Segments.png> <./F
iguras/Thin_Lens.png (PNG copy)>]
<Figuras/Variables_Longitud_Focal.png, id=378, 426.84468pt x 167.87718pt>
File: Figuras/Variables_Longitud_Focal.png Graphic file (type png)
<use Figuras/Variables_Longitud_Focal.png>
Package pdftex.def Info: Figuras/Variables_Longitud_Focal.png  used on input li
ne 345.
(pdftex.def)             Requested size: 224.2479pt x 88.19832pt.
<Figuras/Viariable_focal_length.jpg, id=379, 412.97144pt x 309.72858pt>
File: Figuras/Viariable_focal_length.jpg Graphic file (type jpg)
<use Figuras/Viariable_focal_length.jpg>
Package pdftex.def Info: Figuras/Viariable_focal_length.jpg  used on input line
 361.
(pdftex.def)             Requested size: 207.0021pt x 155.25143pt.


[16 <./Figuras/So_Si_Equal.png> <./Figuras/Variables_Longitud_Focal.png>]
<Figuras/Focal_Length_Concave_Convex.png, id=388, 321.2pt x 484.81125pt>
File: Figuras/Focal_Length_Concave_Convex.png Graphic file (type png)
<use Figuras/Focal_Length_Concave_Convex.png>
Package pdftex.def Info: Figuras/Focal_Length_Concave_Convex.png  used on input
 line 370.
(pdftex.def)             Requested size: 172.5pt x 260.37383pt.


[17 <./Figuras/Viariable_focal_length.jpg> <./Figuras/Focal_Length_Concave_Conv
ex.png>]
<Figuras/Crop_Factor_Crop.png, id=396, 578.16pt x 385.44pt>
File: Figuras/Crop_Factor_Crop.png Graphic file (type png)
<use Figuras/Crop_Factor_Crop.png>
Package pdftex.def Info: Figuras/Crop_Factor_Crop.png  used on input line 387.
(pdftex.def)             Requested size: 241.49895pt x 160.9956pt.
<Figuras/Crop_Factor_Focal_Length.png, id=397, 341.47575pt x 398.08725pt>
File: Figuras/Crop_Factor_Focal_Length.png Graphic file (type png)
<use Figuras/Crop_Factor_Focal_Length.png>
Package pdftex.def Info: Figuras/Crop_Factor_Focal_Length.png  used on input li
ne 396.
(pdftex.def)             Requested size: 207.0021pt x 241.32036pt.


[18 <./Figuras/Crop_Factor_Crop.png>]
<Figuras/Sensor_Sizes.png, id=403, 749.80125pt x 612.03656pt>
File: Figuras/Sensor_Sizes.png Graphic file (type png)
<use Figuras/Sensor_Sizes.png>
Package pdftex.def Info: Figuras/Sensor_Sizes.png  used on input line 405.
(pdftex.def)             Requested size: 224.2479pt x 183.04271pt.


[19 <./Figuras/Crop_Factor_Focal_Length.png> <./Figuras/Sensor_Sizes.png>]
<Figuras/Crop_Factor_Focal_Length_Equivalent.png, id=413, 747.54282pt x 266.495
62pt>
File: Figuras/Crop_Factor_Focal_Length_Equivalent.png Graphic file (type png)
<use Figuras/Crop_Factor_Focal_Length_Equivalent.png>
Package pdftex.def Info: Figuras/Crop_Factor_Focal_Length_Equivalent.png  used 
on input line 414.
(pdftex.def)             Requested size: 258.75pt x 92.24199pt.
<Figuras/So_Si_Right.png, id=414, 283.0575pt x 173.89969pt>
File: Figuras/So_Si_Right.png Graphic file (type png)
<use Figuras/So_Si_Right.png>
Package pdftex.def Info: Figuras/So_Si_Right.png  used on input line 426.
(pdftex.def)             Requested size: 224.2479pt x 137.77194pt.
<Figuras/Magnifying_Glass.png, id=415, 443.6575pt x 294.09875pt>
File: Figuras/Magnifying_Glass.png Graphic file (type png)
<use Figuras/Magnifying_Glass.png>
Package pdftex.def Info: Figuras/Magnifying_Glass.png  used on input line 435.
(pdftex.def)             Requested size: 224.2479pt x 148.65106pt.


[20 <./Figuras/Crop_Factor_Focal_Length_Equivalent.png> <./Figuras/So_Si_Right.
png>]
<Figuras/Enfoque_1.png, id=424, 326.72063pt x 243.15843pt>
File: Figuras/Enfoque_1.png Graphic file (type png)
<use Figuras/Enfoque_1.png>
Package pdftex.def Info: Figuras/Enfoque_1.png  used on input line 448.
(pdftex.def)             Requested size: 155.24895pt x 115.54227pt.
<Figuras/Enfoque_2.png, id=425, 330.48468pt x 241.65282pt>
File: Figuras/Enfoque_2.png Graphic file (type png)
<use Figuras/Enfoque_2.png>
Package pdftex.def Info: Figuras/Enfoque_2.png  used on input line 455.
(pdftex.def)             Requested size: 155.24895pt x 113.52151pt.


[21 <./Figuras/Magnifying_Glass.png> <./Figuras/Enfoque_1.png>]
<Figuras/Enfoque_3.png, id=434, 321.45094pt x 246.1697pt>
File: Figuras/Enfoque_3.png Graphic file (type png)
<use Figuras/Enfoque_3.png>
Package pdftex.def Info: Figuras/Enfoque_3.png  used on input line 462.
(pdftex.def)             Requested size: 155.24895pt x 118.89256pt.
<Figuras/Varifocal_Lens.jpg, id=435, 1927.2pt x 793.96625pt>
File: Figuras/Varifocal_Lens.jpg Graphic file (type jpg)
<use Figuras/Varifocal_Lens.jpg>
Package pdftex.def Info: Figuras/Varifocal_Lens.jpg  used on input line 473.
(pdftex.def)             Requested size: 258.75pt x 106.59929pt.
<Figuras/Varifocal_Lens_2.jpg.png, id=436, 441.90094pt x 219.06844pt>
File: Figuras/Varifocal_Lens_2.jpg.png Graphic file (type png)
<use Figuras/Varifocal_Lens_2.jpg.png>
Package pdftex.def Info: Figuras/Varifocal_Lens_2.jpg.png  used on input line 4
80.
(pdftex.def)             Requested size: 258.75pt x 128.27986pt.


[22 <./Figuras/Enfoque_2.png> <./Figuras/Enfoque_3.png> <./Figuras/Varifocal_Le
ns.jpg>]
<Figuras/Parfocal_Lens.png, id=446, 517.935pt x 193.47281pt>
File: Figuras/Parfocal_Lens.png Graphic file (type png)
<use Figuras/Parfocal_Lens.png>
Package pdftex.def Info: Figuras/Parfocal_Lens.png  used on input line 489.
(pdftex.def)             Requested size: 258.75pt x 96.65941pt.


[23 <./Figuras/Varifocal_Lens_2.jpg.png> <./Figuras/Parfocal_Lens.png>]
<Figuras/Miopia.png, id=455, 704.6325pt x 513.92pt>
File: Figuras/Miopia.png Graphic file (type png)
<use Figuras/Miopia.png>
Package pdftex.def Info: Figuras/Miopia.png  used on input line 502.
(pdftex.def)             Requested size: 207.0021pt x 150.9699pt.
<Figuras/Hipermetropia.png, id=456, 683.55376pt x 493.845pt>
File: Figuras/Hipermetropia.png Graphic file (type png)
<use Figuras/Hipermetropia.png>
Package pdftex.def Info: Figuras/Hipermetropia.png  used on input line 511.
(pdftex.def)             Requested size: 207.0021pt x 149.54869pt.


[24 <./Figuras/Miopia.png> <./Figuras/Hipermetropia.png>]
<Figuras/Spherical_Aberration.png, id=465, 1027.84pt x 1041.8925pt>
File: Figuras/Spherical_Aberration.png Graphic file (type png)
<use Figuras/Spherical_Aberration.png>
Package pdftex.def Info: Figuras/Spherical_Aberration.png  used on input line 5
48.
(pdftex.def)             Requested size: 189.75105pt x 192.33374pt.
<Figuras/Spherical_Aberration_2.png, id=466, 830.10126pt x 581.17125pt>
File: Figuras/Spherical_Aberration_2.png Graphic file (type png)
<use Figuras/Spherical_Aberration_2.png>
Package pdftex.def Info: Figuras/Spherical_Aberration_2.png  used on input line
 555.
(pdftex.def)             Requested size: 224.2479pt x 156.99814pt.


[25 <./Figuras/Spherical_Aberration.png>]
<Figuras/Coma.png, id=474, 1284.8pt x 1017.8025pt>
File: Figuras/Coma.png Graphic file (type png)
<use Figuras/Coma.png>
Package pdftex.def Info: Figuras/Coma.png  used on input line 567.
(pdftex.def)             Requested size: 224.2479pt x 177.63666pt.
<Figuras/Coma_2.jpg, id=475, 668.4975pt x 334.24875pt>
File: Figuras/Coma_2.jpg Graphic file (type jpg)
<use Figuras/Coma_2.jpg>
Package pdftex.def Info: Figuras/Coma_2.jpg  used on input line 574.
(pdftex.def)             Requested size: 224.2479pt x 112.1232pt.


[26 <./Figuras/Spherical_Aberration_2.png> <./Figuras/Coma.png>]
<Figuras/Coma_3.jpg, id=483, 1027.84pt x 686.565pt>
File: Figuras/Coma_3.jpg Graphic file (type jpg)
<use Figuras/Coma_3.jpg>
Package pdftex.def Info: Figuras/Coma_3.jpg  used on input line 581.
(pdftex.def)             Requested size: 224.2479pt x 149.78763pt.
<Figuras/Coma_4.jpg, id=484, 702.625pt x 501.875pt>
File: Figuras/Coma_4.jpg Graphic file (type jpg)
<use Figuras/Coma_4.jpg>
Package pdftex.def Info: Figuras/Coma_4.jpg  used on input line 588.
(pdftex.def)             Requested size: 224.2479pt x 160.17442pt.
<Figuras/Astigmatismo.png, id=485, 1927.2pt x 993.7125pt>
File: Figuras/Astigmatismo.png Graphic file (type png)
<use Figuras/Astigmatismo.png>
Package pdftex.def Info: Figuras/Astigmatismo.png  used on input line 600.
(pdftex.def)             Requested size: 224.2479pt x 115.61644pt.


[27 <./Figuras/Coma_2.jpg> <./Figuras/Coma_3.jpg> <./Figuras/Coma_4.jpg>]
<Figuras/Astigmatismo_2.png, id=493, 1002.74625pt x 334.24875pt>
File: Figuras/Astigmatismo_2.png Graphic file (type png)
<use Figuras/Astigmatismo_2.png>
Package pdftex.def Info: Figuras/Astigmatismo_2.png  used on input line 607.
(pdftex.def)             Requested size: 293.2521pt x 97.75078pt.
<Figuras/Astigmatismo_3.png, id=494, 1405.25pt x 894.34125pt>
File: Figuras/Astigmatismo_3.png Graphic file (type png)
<use Figuras/Astigmatismo_3.png>
Package pdftex.def Info: Figuras/Astigmatismo_3.png  used on input line 614.
(pdftex.def)             Requested size: 224.2479pt x 142.71541pt.
<Figuras/Astigmatismo_4.png, id=495, 210.7875pt x 150.5625pt>
File: Figuras/Astigmatismo_4.png Graphic file (type png)
<use Figuras/Astigmatismo_4.png>
Package pdftex.def Info: Figuras/Astigmatismo_4.png  used on input line 621.
(pdftex.def)             Requested size: 224.2479pt x 160.1813pt.


[28 <./Figuras/Astigmatismo.png> <./Figuras/Astigmatismo_2.png> <./Figuras/Asti
gmatismo_3.png>]
<Figuras/Field_Curvature.png, id=504, 1927.2pt x 1161.33875pt>
File: Figuras/Field_Curvature.png Graphic file (type png)
<use Figuras/Field_Curvature.png>
Package pdftex.def Info: Figuras/Field_Curvature.png  used on input line 632.
(pdftex.def)             Requested size: 258.75pt x 155.92337pt.
<Figuras/Field_Curvature_2.png, id=505, 421.575pt x 281.55188pt>
File: Figuras/Field_Curvature_2.png Graphic file (type png)
<use Figuras/Field_Curvature_2.png>
Package pdftex.def Info: Figuras/Field_Curvature_2.png  used on input line 639.

(pdftex.def)             Requested size: 293.2521pt x 195.85197pt.


[29 <./Figuras/Astigmatismo_4.png> <./Figuras/Field_Curvature.png>]
<Figuras/Distorsion_1.png, id=513, 1027.84pt x 1027.84pt>
File: Figuras/Distorsion_1.png Graphic file (type png)
<use Figuras/Distorsion_1.png>
Package pdftex.def Info: Figuras/Distorsion_1.png  used on input line 650.
(pdftex.def)             Requested size: 137.9979pt x 137.98392pt.
<Figuras/Distorsion_2.png, id=514, 1027.84pt x 1027.84pt>
File: Figuras/Distorsion_2.png Graphic file (type png)
<use Figuras/Distorsion_2.png>
Package pdftex.def Info: Figuras/Distorsion_2.png  used on input line 657.
(pdftex.def)             Requested size: 137.9979pt x 137.98392pt.


[30 <./Figuras/Field_Curvature_2.png> <./Figuras/Distorsion_1.png>]
<Figuras/Distorsion_3.png, id=522, 1027.84pt x 1027.84pt>
File: Figuras/Distorsion_3.png Graphic file (type png)
<use Figuras/Distorsion_3.png>
Package pdftex.def Info: Figuras/Distorsion_3.png  used on input line 664.
(pdftex.def)             Requested size: 137.9979pt x 137.98392pt.
<Figuras/Distorsion_4.png, id=523, 604.2575pt x 402.50375pt>
File: Figuras/Distorsion_4.png Graphic file (type png)
<use Figuras/Distorsion_4.png>
Package pdftex.def Info: Figuras/Distorsion_4.png  used on input line 671.
(pdftex.def)             Requested size: 207.0021pt x 137.8874pt.
<Figuras/Axial_Aberration.png, id=524, 1927.2pt x 1161.33875pt>
File: Figuras/Axial_Aberration.png Graphic file (type png)
<use Figuras/Axial_Aberration.png>
Package pdftex.def Info: Figuras/Axial_Aberration.png  used on input line 682.
(pdftex.def)             Requested size: 241.49895pt x 145.5214pt.


[31 <./Figuras/Distorsion_2.png> <./Figuras/Distorsion_3.png> <./Figuras/Distor
sion_4.png>]
<Figuras/Axial_Aberration_2.jpg, id=535, 1140.26pt x 1140.26pt>
File: Figuras/Axial_Aberration_2.jpg Graphic file (type jpg)
<use Figuras/Axial_Aberration_2.jpg>
Package pdftex.def Info: Figuras/Axial_Aberration_2.jpg  used on input line 689
.
(pdftex.def)             Requested size: 224.2479pt x 224.2376pt.
<Figuras/Axial_Aberration_3.png, id=536, 1927.2pt x 1204.5pt>
File: Figuras/Axial_Aberration_3.png Graphic file (type png)
<use Figuras/Axial_Aberration_3.png>
Package pdftex.def Info: Figuras/Axial_Aberration_3.png  used on input line 698
.
(pdftex.def)             Requested size: 241.49895pt x 150.9297pt.


[32 <./Figuras/Axial_Aberration.png> <./Figuras/Axial_Aberration_2.jpg>]
<Figuras/Lateral_Aberration.png, id=544, 1092.08pt x 578.16pt>
File: Figuras/Lateral_Aberration.png Graphic file (type png)
<use Figuras/Lateral_Aberration.png>
Package pdftex.def Info: Figuras/Lateral_Aberration.png  used on input line 709
.
(pdftex.def)             Requested size: 224.2479pt x 118.71765pt.
<Figuras/Lateral_Aberration_2.jpg, id=545, 657.95813pt x 443.40656pt>
File: Figuras/Lateral_Aberration_2.jpg Graphic file (type jpg)
<use Figuras/Lateral_Aberration_2.jpg>
Package pdftex.def Info: Figuras/Lateral_Aberration_2.jpg  used on input line 7
16.
(pdftex.def)             Requested size: 224.2479pt x 151.12158pt.


[33 <./Figuras/Axial_Aberration_3.png> <./Figuras/Lateral_Aberration.png (PNG c
opy)>]
<Figuras/Vignetting_lzquierdo.png, id=553, 307.1475pt x 258.9675pt>
File: Figuras/Vignetting_lzquierdo.png Graphic file (type png)
<use Figuras/Vignetting_lzquierdo.png>
Package pdftex.def Info: Figuras/Vignetting_lzquierdo.png  used on input line 7
34.
(pdftex.def)             Requested size: 155.24895pt x 130.89806pt.
<Figuras/Vignetting_Medio.png, id=554, 292.09125pt x 267.24844pt>
File: Figuras/Vignetting_Medio.png Graphic file (type png)
<use Figuras/Vignetting_Medio.png>
Package pdftex.def Info: Figuras/Vignetting_Medio.png  used on input line 741.
(pdftex.def)             Requested size: 120.7521pt x 110.48193pt.


[34 <./Figuras/Lateral_Aberration_2.jpg> <./Figuras/Vignetting_lzquierdo.png>]
<Figuras/Vignetting_Derecho.png, id=562, 273.27094pt x 260.47313pt>
File: Figuras/Vignetting_Derecho.png Graphic file (type png)
<use Figuras/Vignetting_Derecho.png>
Package pdftex.def Info: Figuras/Vignetting_Derecho.png  used on input line 748
.
(pdftex.def)             Requested size: 120.7521pt x 115.09738pt.
<Figuras/Vignetting_Real.jpg, id=563, 505.89pt x 497.4585pt>
File: Figuras/Vignetting_Real.jpg Graphic file (type jpg)
<use Figuras/Vignetting_Real.jpg>
Package pdftex.def Info: Figuras/Vignetting_Real.jpg  used on input line 755.
(pdftex.def)             Requested size: 189.75105pt x 186.59201pt.
<Figuras/Vignetting_Real2.jpg, id=564, 1284.8pt x 856.19875pt>
File: Figuras/Vignetting_Real2.jpg Graphic file (type jpg)
<use Figuras/Vignetting_Real2.jpg>
Package pdftex.def Info: Figuras/Vignetting_Real2.jpg  used on input line 762.
(pdftex.def)             Requested size: 224.2479pt x 149.43202pt.


[35 <./Figuras/Vignetting_Medio.png> <./Figuras/Vignetting_Derecho.png> <./Figu
ras/Vignetting_Real.jpg>]
<Figuras/Flare.png, id=574, 1927.2pt x 1197.47375pt>
File: Figuras/Flare.png Graphic file (type png)
<use Figuras/Flare.png>
Package pdftex.def Info: Figuras/Flare.png  used on input line 773.
(pdftex.def)             Requested size: 224.2479pt x 139.32365pt.
<Figuras/Flare_2.jpg, id=575, 803.0pt x 1071.00125pt>
File: Figuras/Flare_2.jpg Graphic file (type jpg)
<use Figuras/Flare_2.jpg>
Package pdftex.def Info: Figuras/Flare_2.jpg  used on input line 780.
(pdftex.def)             Requested size: 155.24895pt x 207.05493pt.


[36 <./Figuras/Vignetting_Real2.jpg> <./Figuras/Flare.png>]
<Figuras/Flare_3.jpg, id=583, 803.0pt x 1204.5pt>
File: Figuras/Flare_3.jpg Graphic file (type jpg)
<use Figuras/Flare_3.jpg>
Package pdftex.def Info: Figuras/Flare_3.jpg  used on input line 787.
(pdftex.def)             Requested size: 155.24895pt x 232.86403pt.


[37 <./Figuras/Flare_2.jpg> <./Figuras/Flare_3.jpg>]
<Figuras/Lens_Hood.png, id=591, 514.17094pt x 431.36156pt>
File: Figuras/Lens_Hood.png Graphic file (type png)
<use Figuras/Lens_Hood.png>
Package pdftex.def Info: Figuras/Lens_Hood.png  used on input line 800.
(pdftex.def)             Requested size: 189.75105pt x 159.19319pt.
<Figuras/Exposure.png, id=592, 797.98125pt x 463.7325pt>
File: Figuras/Exposure.png Graphic file (type png)
<use Figuras/Exposure.png>
Package pdftex.def Info: Figuras/Exposure.png  used on input line 813.
(pdftex.def)             Requested size: 224.2479pt x 130.3183pt.


[38 <./Figuras/Lens_Hood.png> <./Figuras/Exposure.png (PNG copy)>]
<Figuras/Focal_Plane_Shutter.png, id=600, 287.57437pt x 170.13562pt>
File: Figuras/Focal_Plane_Shutter.png Graphic file (type png)
<use Figuras/Focal_Plane_Shutter.png>
Package pdftex.def Info: Figuras/Focal_Plane_Shutter.png  used on input line 82
6.
(pdftex.def)             Requested size: 189.75105pt x 112.26389pt.
<Figuras/Focal_Plane_Shutter_2.png, id=601, 144.54pt x 547.2947pt>
File: Figuras/Focal_Plane_Shutter_2.png Graphic file (type png)
<use Figuras/Focal_Plane_Shutter_2.png>
Package pdftex.def Info: Figuras/Focal_Plane_Shutter_2.png  used on input line 
833.
(pdftex.def)             Requested size: 68.99895pt x 261.26208pt.


[39 <./Figuras/Focal_Plane_Shutter.png> <./Figuras/Focal_Plane_Shutter_2.png>]
<Figuras/Rolling_Shutter_Volleyball.png, id=610, 278.54062pt x 355.3275pt>
File: Figuras/Rolling_Shutter_Volleyball.png Graphic file (type png)
<use Figuras/Rolling_Shutter_Volleyball.png>
Package pdftex.def Info: Figuras/Rolling_Shutter_Volleyball.png  used on input 
line 844.
(pdftex.def)             Requested size: 293.2521pt x 374.1025pt.
<Figuras/Shutter_Speed_4.png, id=611, 529.22719pt x 400.49625pt>
File: Figuras/Shutter_Speed_4.png Graphic file (type png)
<use Figuras/Shutter_Speed_4.png>
Package pdftex.def Info: Figuras/Shutter_Speed_4.png  used on input line 853.
(pdftex.def)             Requested size: 293.2521pt x 221.9175pt.


[40 <./Figuras/Rolling_Shutter_Volleyball.png>]
<Figuras/Shutter_Speed_5.png, id=618, 411.03563pt x 325.96782pt>
File: Figuras/Shutter_Speed_5.png Graphic file (type png)
<use Figuras/Shutter_Speed_5.png>
Package pdftex.def Info: Figuras/Shutter_Speed_5.png  used on input line 860.
(pdftex.def)             Requested size: 293.2521pt x 232.55788pt.
<Figuras/Shutter_Speed_6.png, id=619, 622.57594pt x 444.91219pt>
File: Figuras/Shutter_Speed_6.png Graphic file (type png)
<use Figuras/Shutter_Speed_6.png>
Package pdftex.def Info: Figuras/Shutter_Speed_6.png  used on input line 867.
(pdftex.def)             Requested size: 276.00105pt x 197.24191pt.


[41 <./Figuras/Shutter_Speed_4.png> <./Figuras/Shutter_Speed_5.png>]
<Figuras/Shutter_Speed_7.png, id=628, 1003.75pt x 1015.795pt>
File: Figuras/Shutter_Speed_7.png Graphic file (type png)
<use Figuras/Shutter_Speed_7.png>
Package pdftex.def Info: Figuras/Shutter_Speed_7.png  used on input line 874.
(pdftex.def)             Requested size: 276.00105pt x 279.30574pt.


[42 <./Figuras/Shutter_Speed_6.png> <./Figuras/Shutter_Speed_7.png>]
<Figuras/Iris.png, id=636, 246.9225pt x 239.39438pt>
File: Figuras/Iris.png Graphic file (type png)
<use Figuras/Iris.png>
Package pdftex.def Info: Figuras/Iris.png  used on input line 887.
(pdftex.def)             Requested size: 120.7521pt x 117.07048pt.
<Figuras/F-number.png, id=637, 1027.84pt x 409.53pt>
File: Figuras/F-number.png Graphic file (type png)
<use Figuras/F-number.png>
Package pdftex.def Info: Figuras/F-number.png  used on input line 909.
(pdftex.def)             Requested size: 258.75pt x 103.09462pt.
<Figuras/Circle_of_confusion.png, id=638, 1027.84pt x 854.19125pt>
File: Figuras/Circle_of_confusion.png Graphic file (type png)
<use Figuras/Circle_of_confusion.png>
Package pdftex.def Info: Figuras/Circle_of_confusion.png  used on input line 92
1.
(pdftex.def)             Requested size: 207.0021pt x 172.0213pt.


[43 <./Figuras/Iris.png> <./Figuras/F-number.png>]
<Figuras/Circle_of_confusion_2.png, id=648, 1027.84pt x 763.85374pt>
File: Figuras/Circle_of_confusion_2.png Graphic file (type png)
<use Figuras/Circle_of_confusion_2.png>
Package pdftex.def Info: Figuras/Circle_of_confusion_2.png  used on input line 
928.
(pdftex.def)             Requested size: 293.2521pt x 217.93369pt.


[44 <./Figuras/Circle_of_confusion.png> <./Figuras/Circle_of_confusion_2.png>]
<Figuras/DOF_1.jpg, id=657, 1027.84pt x 685.56125pt>
File: Figuras/DOF_1.jpg Graphic file (type jpg)
<use Figuras/DOF_1.jpg>
Package pdftex.def Info: Figuras/DOF_1.jpg  used on input line 944.
(pdftex.def)             Requested size: 258.75pt x 172.58241pt.
<Figuras/DOF_2.jpg, id=658, 1027.84pt x 685.56125pt>
File: Figuras/DOF_2.jpg Graphic file (type jpg)
<use Figuras/DOF_2.jpg>
Package pdftex.def Info: Figuras/DOF_2.jpg  used on input line 951.
(pdftex.def)             Requested size: 258.75pt x 172.58241pt.
<Figuras/DOF_3.jpg, id=659, 418.1044pt x 278.87238pt>
File: Figuras/DOF_3.jpg Graphic file (type jpg)
<use Figuras/DOF_3.jpg>
Package pdftex.def Info: Figuras/DOF_3.jpg  used on input line 958.
(pdftex.def)             Requested size: 207.0021pt x 138.0699pt.


[45 <./Figuras/DOF_1.jpg> <./Figuras/DOF_2.jpg>]
<Figuras/DOF_4.jpg, id=666, 418.1044pt x 278.87238pt>
File: Figuras/DOF_4.jpg Graphic file (type jpg)
<use Figuras/DOF_4.jpg>
Package pdftex.def Info: Figuras/DOF_4.jpg  used on input line 965.
(pdftex.def)             Requested size: 207.0021pt x 138.0699pt.
<Figuras/DOF_5.jpg, id=667, 418.1044pt x 278.87238pt>
File: Figuras/DOF_5.jpg Graphic file (type jpg)
<use Figuras/DOF_5.jpg>
Package pdftex.def Info: Figuras/DOF_5.jpg  used on input line 972.
(pdftex.def)             Requested size: 207.0021pt x 138.0699pt.


[46 <./Figuras/DOF_3.jpg> <./Figuras/DOF_4.jpg> <./Figuras/DOF_5.jpg>]
<Figuras/ISO.png, id=675, 1436.36626pt x 663.22781pt>
File: Figuras/ISO.png Graphic file (type png)
<use Figuras/ISO.png>
Package pdftex.def Info: Figuras/ISO.png  used on input line 990.
(pdftex.def)             Requested size: 345.0pt x 159.29936pt.
<Figuras/ISO_2.png, id=676, 1043.9pt x 1393.205pt>
File: Figuras/ISO_2.png Graphic file (type png)
<use Figuras/ISO_2.png>
Package pdftex.def Info: Figuras/ISO_2.png  used on input line 997.
(pdftex.def)             Requested size: 189.75105pt x 253.23207pt.


[47 <./Figuras/ISO.png>]
<Figuras/ISO_3.png, id=683, 2872.7325pt x 3585.395pt>
File: Figuras/ISO_3.png Graphic file (type png)
<use Figuras/ISO_3.png>
Package pdftex.def Info: Figuras/ISO_3.png  used on input line 1004.
(pdftex.def)             Requested size: 172.5pt x 215.27855pt.
<Figuras/ISO_4.png.jpg, id=684, 511.15968pt x 681.29532pt>
File: Figuras/ISO_4.png.jpg Graphic file (type jpg)
<use Figuras/ISO_4.png.jpg>
Package pdftex.def Info: Figuras/ISO_4.png.jpg  used on input line 1011.
(pdftex.def)             Requested size: 172.5pt x 229.91165pt.


[48 <./Figuras/ISO_2.png (PNG copy)> <./Figuras/ISO_3.png>]
<Figuras/DSLR.png, id=691, 473.51906pt x 215.30438pt>
File: Figuras/DSLR.png Graphic file (type png)
<use Figuras/DSLR.png>
Package pdftex.def Info: Figuras/DSLR.png  used on input line 1026.
(pdftex.def)             Requested size: 224.2479pt x 101.96182pt.
<Figuras/DSLR_2.jpg, id=692, 963.6pt x 713.66624pt>
File: Figuras/DSLR_2.jpg Graphic file (type jpg)
<use Figuras/DSLR_2.jpg>
Package pdftex.def Info: Figuras/DSLR_2.jpg  used on input line 1033.
(pdftex.def)             Requested size: 224.2479pt x 166.07814pt.


[49 <./Figuras/ISO_4.png.jpg> <./Figuras/DSLR.png>]
<Figuras/Mirrorless.png, id=701, 2509.375pt x 1551.7975pt>
File: Figuras/Mirrorless.png Graphic file (type png)
<use Figuras/Mirrorless.png>
Package pdftex.def Info: Figuras/Mirrorless.png  used on input line 1042.
(pdftex.def)             Requested size: 189.75105pt x 117.32692pt.
<Figuras/point-and-shoot.png, id=702, 103.24286pt x 79.29051pt>
File: Figuras/point-and-shoot.png Graphic file (type png)
<use Figuras/point-and-shoot.png>
Package pdftex.def Info: Figuras/point-and-shoot.png  used on input line 1052.
(pdftex.def)             Requested size: 189.75105pt x 145.7402pt.


[50 <./Figuras/DSLR_2.jpg> <./Figuras/Mirrorless.png (PNG copy)>]
<Figuras/Sensor_blanco_y_negro.png, id=709, 469.755pt x 245.41687pt>
File: Figuras/Sensor_blanco_y_negro.png Graphic file (type png)
<use Figuras/Sensor_blanco_y_negro.png>
Package pdftex.def Info: Figuras/Sensor_blanco_y_negro.png  used on input line 
1065.
(pdftex.def)             Requested size: 224.2479pt x 117.15465pt.
<Figuras/Mosaico_de_Bayer.png, id=710, 309.40594pt x 205.5178pt>
File: Figuras/Mosaico_de_Bayer.png Graphic file (type png)
<use Figuras/Mosaico_de_Bayer.png>
Package pdftex.def Info: Figuras/Mosaico_de_Bayer.png  used on input line 1075.

(pdftex.def)             Requested size: 224.2479pt x 148.95738pt.


[51 <./Figuras/point-and-shoot.png (PNG copy)> <./Figuras/Sensor_blanco_y_negro
.png>]
<Figuras/Sensor_Bayer.png, id=718, 476.53032pt x 259.7203pt>
File: Figuras/Sensor_Bayer.png Graphic file (type png)
<use Figuras/Sensor_Bayer.png>
Package pdftex.def Info: Figuras/Sensor_Bayer.png  used on input line 1085.
(pdftex.def)             Requested size: 224.2479pt x 122.22311pt.
<Figuras/Sensor_Bayer_Demosaico.png, id=719, 483.30562pt x 257.46187pt>
File: Figuras/Sensor_Bayer_Demosaico.png Graphic file (type png)
<use Figuras/Sensor_Bayer_Demosaico.png>
Package pdftex.def Info: Figuras/Sensor_Bayer_Demosaico.png  used on input line
 1095.
(pdftex.def)             Requested size: 224.2479pt x 119.45924pt.


[52 <./Figuras/Mosaico_de_Bayer.png> <./Figuras/Sensor_Bayer.png>]
<Figuras/Sensor_Sizes_Standalone.png, id=728, 803.0pt x 1124.2pt>
File: Figuras/Sensor_Sizes_Standalone.png Graphic file (type png)
<use Figuras/Sensor_Sizes_Standalone.png>
Package pdftex.def Info: Figuras/Sensor_Sizes_Standalone.png  used on input lin
e 1106.
(pdftex.def)             Requested size: 224.2479pt x 313.95047pt.
<Figuras/WB_1.jpg, id=729, 522.63051pt x 348.28424pt>
File: Figuras/WB_1.jpg Graphic file (type jpg)
<use Figuras/WB_1.jpg>
Package pdftex.def Info: Figuras/WB_1.jpg  used on input line 1119.
(pdftex.def)             Requested size: 224.2479pt x 149.44043pt.


[53 <./Figuras/Sensor_Bayer_Demosaico.png> <./Figuras/Sensor_Sizes_Standalone.p
ng>]
<Figuras/WB_2.jpg, id=738, 522.63051pt x 348.28424pt>
File: Figuras/WB_2.jpg Graphic file (type jpg)
<use Figuras/WB_2.jpg>
Package pdftex.def Info: Figuras/WB_2.jpg  used on input line 1126.
(pdftex.def)             Requested size: 224.2479pt x 149.44043pt.
<Figuras/WB_3.jpg, id=739, 522.63051pt x 348.28424pt>
File: Figuras/WB_3.jpg Graphic file (type jpg)
<use Figuras/WB_3.jpg>
Package pdftex.def Info: Figuras/WB_3.jpg  used on input line 1133.
(pdftex.def)             Requested size: 224.2479pt x 149.44043pt.


[54 <./Figuras/WB_1.jpg> <./Figuras/WB_2.jpg>]
<Figuras/Film_Photo_1.jpg, id=746, 1347.0325pt x 1347.0325pt>
File: Figuras/Film_Photo_1.jpg Graphic file (type jpg)
<use Figuras/Film_Photo_1.jpg>
Package pdftex.def Info: Figuras/Film_Photo_1.jpg  used on input line 1143.
(pdftex.def)             Requested size: 293.2521pt x 293.24442pt.
<Figuras/Film_Photo_2.jpg, id=747, 4571.0775pt x 2834.59pt>
File: Figuras/Film_Photo_2.jpg Graphic file (type jpg)
<use Figuras/Film_Photo_2.jpg>
Package pdftex.def Info: Figuras/Film_Photo_2.jpg  used on input line 1150.
(pdftex.def)             Requested size: 293.2521pt x 181.83269pt.


[55 <./Figuras/WB_3.jpg> <./Figuras/Film_Photo_1.jpg>]
<Figuras/Film_Photo_3.jpg, id=755, 1606.0pt x 1606.0pt>
File: Figuras/Film_Photo_3.jpg Graphic file (type jpg)
<use Figuras/Film_Photo_3.jpg>
Package pdftex.def Info: Figuras/Film_Photo_3.jpg  used on input line 1157.
(pdftex.def)             Requested size: 293.2521pt x 293.23347pt.
<Figuras/Film.png, id=756, 361.35pt x 361.35pt>
File: Figuras/Film.png Graphic file (type png)
<use Figuras/Film.png>
Package pdftex.def Info: Figuras/Film.png  used on input line 1169.
(pdftex.def)             Requested size: 224.2479pt x 224.24973pt.


[56 <./Figuras/Film_Photo_2.jpg> <./Figuras/Film_Photo_3.jpg>]
<Figuras/Film_2.png, id=763, 1284.8pt x 1015.795pt>
File: Figuras/Film_2.png Graphic file (type png)
<use Figuras/Film_2.png>
Package pdftex.def Info: Figuras/Film_2.png  used on input line 1182.
(pdftex.def)             Requested size: 224.2479pt x 177.28629pt.


[57 <./Figuras/Film.png (PNG copy)>]
<Figuras/Halation_2.png, id=769, 727.96968pt x 364.36125pt>
File: Figuras/Halation_2.png Graphic file (type png)
<use Figuras/Halation_2.png>
Package pdftex.def Info: Figuras/Halation_2.png  used on input line 1206.
(pdftex.def)             Requested size: 258.75pt x 129.51315pt.


[58 <./Figuras/Film_2.png>]
<Figuras/Halation.png, id=784, 580.1675pt x 739.76375pt>
File: Figuras/Halation.png Graphic file (type png)
<use Figuras/Halation.png>
Package pdftex.def Info: Figuras/Halation.png  used on input line 1215.
(pdftex.def)             Requested size: 207.0021pt x 263.94429pt.


[59 <./Figuras/Halation_2.png> <./Figuras/Halation.png (PNG copy)>] (Optica.aux
LaTeX Info: Redefining \. on input line 11.
LaTeX Info: Redefining \% on input line 11.
)
 ***********
LaTeX2e <2024-06-01> patch level 2
L3 programming layer <2024-08-30>
 ***********
Package rerunfilecheck Info: File `Optica.out' has not changed.
(rerunfilecheck)             Checksum: 13A21E02110794F839733527919B5A1B;5533.
 ) 
Here is how much of TeX's memory you used:
 13684 strings out of 473898
 235894 string characters out of 5726479
 622117 words of memory out of 5000000
 36194 multiletter control sequences out of 15000+600000
 560387 words of font info for 44 fonts, out of 8000000 for 9000
 1141 hyphenation exceptions out of 8191
 75i,17n,79p,524b,580s stack positions out of 10000i,1000n,20000p,200000b,200000s
<C:/Users/alber/AppData/Local/Programs/MiKTeX/fonts/type1/public/amsfonts/cm/
cmbx10.pfb><C:/Users/alber/AppData/Local/Programs/MiKTeX/fonts/type1/public/ams
fonts/cm/cmbx12.pfb><C:/Users/alber/AppData/Local/Programs/MiKTeX/fonts/type1/p
ublic/amsfonts/cm/cmmi10.pfb><C:/Users/alber/AppData/Local/Programs/MiKTeX/font
s/type1/public/amsfonts/cm/cmmi7.pfb><C:/Users/alber/AppData/Local/Programs/MiK
TeX/fonts/type1/public/amsfonts/cm/cmr10.pfb><C:/Users/alber/AppData/Local/Prog
rams/MiKTeX/fonts/type1/public/amsfonts/cm/cmr17.pfb><C:/Users/alber/AppData/Lo
cal/Programs/MiKTeX/fonts/type1/public/amsfonts/cm/cmr7.pfb><C:/Users/alber/App
Data/Local/Programs/MiKTeX/fonts/type1/public/amsfonts/cm/cmsy10.pfb><C:/Users/
alber/AppData/Local/Programs/MiKTeX/fonts/type1/public/amsfonts/cm/cmti10.pfb>
Output written on Optica.pdf (59 pages, 30680253 bytes).
PDF statistics:
 878 PDF objects out of 1000 (max. 8388607)
 224 named destinations out of 1000 (max. 500000)
 910 words of extra memory for PDF output out of 10000 (max. 10000000)

